# JRE version: OpenJDK Runtime Environment Temurin-21.0.10+7 (21.0.10+7) (build 21.0.10+7-LTS)
# Java VM: OpenJDK 64-Bit Server VM Temurin-21.0.10+7 (21.0.10+7-LTS, mixed mode, sharing, tiered, compressed oops, compressed class ptrs, parallel gc, windows-amd64)
GC Precious Log:
 CardTable entry size: 512
 CPUs: 12 total, 12 available
 Memory: 32693M
 Large Page Support: Disabled
 NUMA Support: Disabled
 Compressed Oops: Enabled (32-bit)
 Alignments: Space 512K, Generation 512K, Heap 2M
 Heap Min Capacity: 100M
 Heap Initial Capacity: 100M
 Heap Max Capacity: 2G
 Pre-touch: Disabled
 Parallel Workers: 10
Heap:
 PSYoungGen      total 23552K, used 20142K [0x00000000d5580000, 0x00000000d7700000, 0x0000000100000000)
  eden space 21504K, 93% used [0x00000000d5580000,0x00000000d692b928,0x00000000d6a80000)
  from space 2048K, 0% used [0x00000000d7400000,0x00000000d7400000,0x00000000d7600000)
  to   space 1024K, 0% used [0x00000000d7600000,0x00000000d7600000,0x00000000d7700000)
 ParOldGen       total 68608K, used 50467K [0x0000000080000000, 0x0000000084300000, 0x00000000d5580000)
  object space 68608K, 73% used [0x0000000080000000,0x0000000083148d58,0x0000000084300000)
 Metaspace       used 60731K, committed 62080K, reserved 1114112K
  class space    used 7145K, committed 7680K, reserved 1048576K
GC Heap History (20 events):
Event: 12.028 GC heap before
{Heap before GC invocations=21 (full 2):
 PSYoungGen      total 23040K, used 23040K [0x00000000d5580000, 0x00000000d7100000, 0x0000000100000000)
  eden space 21504K, 100% used [0x00000000d5580000,0x00000000d6a80000,0x00000000d6a80000)
  from space 1536K, 100% used [0x00000000d6d80000,0x00000000d6f00000,0x00000000d6f00000)
  to   space 3072K, 0% used [0x00000000d6a80000,0x00000000d6a80000,0x00000000d6d80000)
 ParOldGen       total 68608K, used 24075K [0x0000000080000000, 0x0000000084300000, 0x00000000d5580000)
  object space 68608K, 35% used [0x0000000080000000,0x0000000081782ef8,0x0000000084300000)
 Metaspace       used 45672K, committed 46912K, reserved 1114112K
  class space    used 4975K, committed 5568K, reserved 1048576K
}
Event: 12.032 GC heap after
{Heap after GC invocations=21 (full 2):
 PSYoungGen      total 24576K, used 3064K [0x00000000d5580000, 0x00000000d7f80000, 0x0000000100000000)
  eden space 21504K, 0% used [0x00000000d5580000,0x00000000d5580000,0x00000000d6a80000)
  from space 3072K, 99% used [0x00000000d6a80000,0x00000000d6d7e118,0x00000000d6d80000)
  to   space 10752K, 0% used [0x00000000d7500000,0x00000000d7500000,0x00000000d7f80000)
 ParOldGen       total 68608K, used 30237K [0x0000000080000000, 0x0000000084300000, 0x00000000d5580000)
  object space 68608K, 44% used [0x0000000080000000,0x0000000081d87580,0x0000000084300000)
 Metaspace       used 45672K, committed 46912K, reserved 1114112K
  class space    used 4975K, committed 5568K, reserved 1048576K
}
Event: 12.504 GC heap before
{Heap before GC invocations=22 (full 2):
 PSYoungGen      total 24576K, used 24568K [0x00000000d5580000, 0x00000000d7f80000, 0x0000000100000000)
  eden space 21504K, 100% used [0x00000000d5580000,0x00000000d6a80000,0x00000000d6a80000)
  from space 3072K, 99% used [0x00000000d6a80000,0x00000000d6d7e118,0x00000000d6d80000)
  to   space 10752K, 0% used [0x00000000d7500000,0x00000000d7500000,0x00000000d7f80000)
 ParOldGen       total 68608K, used 30237K [0x0000000080000000, 0x0000000084300000, 0x00000000d5580000)
  object space 68608K, 44% used [0x0000000080000000,0x0000000081d87580,0x0000000084300000)
 Metaspace       used 47398K, committed 48576K, reserved 1114112K
  class space    used 5193K, committed 5696K, reserved 1048576K
}
Event: 12.509 GC heap after
{Heap after GC invocations=22 (full 2):
 PSYoungGen      total 27136K, used 5616K [0x00000000d5580000, 0x00000000d7a80000, 0x0000000100000000)
  eden space 21504K, 0% used [0x00000000d5580000,0x00000000d5580000,0x00000000d6a80000)
  from space 5632K, 99% used [0x00000000d7500000,0x00000000d7a7c010,0x00000000d7a80000)
  to   space 7168K, 0% used [0x00000000d6c80000,0x00000000d6c80000,0x00000000d7380000)
 ParOldGen       total 68608K, used 33164K [0x0000000080000000, 0x0000000084300000, 0x00000000d5580000)
  object space 68608K, 48% used [0x0000000080000000,0x0000000082063188,0x0000000084300000)
 Metaspace       used 47398K, committed 48576K, reserved 1114112K
  class space    used 5193K, committed 5696K, reserved 1048576K
}
Event: 12.808 GC heap before
{Heap before GC invocations=23 (full 2):
 PSYoungGen      total 27136K, used 27120K [0x00000000d5580000, 0x00000000d7a80000, 0x0000000100000000)
  eden space 21504K, 100% used [0x00000000d5580000,0x00000000d6a80000,0x00000000d6a80000)
  from space 5632K, 99% used [0x00000000d7500000,0x00000000d7a7c010,0x00000000d7a80000)
  to   space 7168K, 0% used [0x00000000d6c80000,0x00000000d6c80000,0x00000000d7380000)
 ParOldGen       total 68608K, used 33164K [0x0000000080000000, 0x0000000084300000, 0x00000000d5580000)
  object space 68608K, 48% used [0x0000000080000000,0x0000000082063188,0x0000000084300000)
 Metaspace       used 48824K, committed 50048K, reserved 1114112K
  class space    used 5430K, committed 5952K, reserved 1048576K
}
Event: 12.814 GC heap after
{Heap after GC invocations=23 (full 2):
 PSYoungGen      total 28672K, used 7154K [0x00000000d5580000, 0x00000000d8880000, 0x0000000100000000)
  eden space 21504K, 0% used [0x00000000d5580000,0x00000000d5580000,0x00000000d6a80000)
  from space 7168K, 99% used [0x00000000d6c80000,0x00000000d737c8e8,0x00000000d7380000)
  to   space 15360K, 0% used [0x00000000d7980000,0x00000000d7980000,0x00000000d8880000)
 ParOldGen       total 68608K, used 39618K [0x0000000080000000, 0x0000000084300000, 0x00000000d5580000)
  object space 68608K, 57% used [0x0000000080000000,0x00000000826b0840,0x0000000084300000)
 Metaspace       used 48824K, committed 50048K, reserved 1114112K
  class space    used 5430K, committed 5952K, reserved 1048576K
}
Event: 13.131 GC heap before
{Heap before GC invocations=24 (full 2):
 PSYoungGen      total 28672K, used 28658K [0x00000000d5580000, 0x00000000d8880000, 0x0000000100000000)
  eden space 21504K, 100% used [0x00000000d5580000,0x00000000d6a80000,0x00000000d6a80000)
  from space 7168K, 99% used [0x00000000d6c80000,0x00000000d737c8e8,0x00000000d7380000)
  to   space 15360K, 0% used [0x00000000d7980000,0x00000000d7980000,0x00000000d8880000)
 ParOldGen       total 68608K, used 39618K [0x0000000080000000, 0x0000000084300000, 0x00000000d5580000)
  object space 68608K, 57% used [0x0000000080000000,0x00000000826b0840,0x0000000084300000)
 Metaspace       used 50721K, committed 51968K, reserved 1114112K
  class space    used 5757K, committed 6272K, reserved 1048576K
}
Event: 13.134 GC heap after
{Heap after GC invocations=24 (full 2):
 PSYoungGen      total 22528K, used 851K [0x00000000d5580000, 0x00000000d7a80000, 0x0000000100000000)
  eden space 21504K, 0% used [0x00000000d5580000,0x00000000d5580000,0x00000000d6a80000)
  from space 1024K, 83% used [0x00000000d7980000,0x00000000d7a54de0,0x00000000d7a80000)
  to   space 5632K, 0% used [0x00000000d6f80000,0x00000000d6f80000,0x00000000d7500000)
 ParOldGen       total 68608K, used 46684K [0x0000000080000000, 0x0000000084300000, 0x00000000d5580000)
  object space 68608K, 68% used [0x0000000080000000,0x0000000082d970e8,0x0000000084300000)
 Metaspace       used 50721K, committed 51968K, reserved 1114112K
  class space    used 5757K, committed 6272K, reserved 1048576K
}
Event: 13.489 GC heap before
{Heap before GC invocations=25 (full 2):
 PSYoungGen      total 22528K, used 22355K [0x00000000d5580000, 0x00000000d7a80000, 0x0000000100000000)
  eden space 21504K, 100% used [0x00000000d5580000,0x00000000d6a80000,0x00000000d6a80000)
  from space 1024K, 83% used [0x00000000d7980000,0x00000000d7a54de0,0x00000000d7a80000)
  to   space 5632K, 0% used [0x00000000d6f80000,0x00000000d6f80000,0x00000000d7500000)
 ParOldGen       total 68608K, used 46684K [0x0000000080000000, 0x0000000084300000, 0x00000000d5580000)
  object space 68608K, 68% used [0x0000000080000000,0x0000000082d970e8,0x0000000084300000)
 Metaspace       used 50786K, committed 52032K, reserved 1114112K
  class space    used 5759K, committed 6272K, reserved 1048576K
}
Event: 13.490 GC heap after
{Heap after GC invocations=25 (full 2):
 PSYoungGen      total 27136K, used 576K [0x00000000d5580000, 0x00000000d7a00000, 0x0000000100000000)
  eden space 21504K, 0% used [0x00000000d5580000,0x00000000d5580000,0x00000000d6a80000)
  from space 5632K, 10% used [0x00000000d6f80000,0x00000000d7010000,0x00000000d7500000)
  to   space 1536K, 0% used [0x00000000d7880000,0x00000000d7880000,0x00000000d7a00000)
 ParOldGen       total 68608K, used 47350K [0x0000000080000000, 0x0000000084300000, 0x00000000d5580000)
  object space 68608K, 69% used [0x0000000080000000,0x0000000082e3dab8,0x0000000084300000)
 Metaspace       used 50786K, committed 52032K, reserved 1114112K
  class space    used 5759K, committed 6272K, reserved 1048576K
}
Event: 13.673 GC heap before
{Heap before GC invocations=26 (full 2):
 PSYoungGen      total 27136K, used 22080K [0x00000000d5580000, 0x00000000d7a00000, 0x0000000100000000)
  eden space 21504K, 100% used [0x00000000d5580000,0x00000000d6a80000,0x00000000d6a80000)
  from space 5632K, 10% used [0x00000000d6f80000,0x00000000d7010000,0x00000000d7500000)
  to   space 1536K, 0% used [0x00000000d7880000,0x00000000d7880000,0x00000000d7a00000)
 ParOldGen       total 68608K, used 47350K [0x0000000080000000, 0x0000000084300000, 0x00000000d5580000)
  object space 68608K, 69% used [0x0000000080000000,0x0000000082e3dab8,0x0000000084300000)
 Metaspace       used 51340K, committed 52672K, reserved 1114112K
  class space    used 5851K, committed 6400K, reserved 1048576K
}
Event: 13.674 GC heap after
{Heap after GC invocations=26 (full 2):
 PSYoungGen      total 23040K, used 1513K [0x00000000d5580000, 0x00000000d7a00000, 0x0000000100000000)
  eden space 21504K, 0% used [0x00000000d5580000,0x00000000d5580000,0x00000000d6a80000)
  from space 1536K, 98% used [0x00000000d7880000,0x00000000d79fa588,0x00000000d7a00000)
  to   space 5632K, 0% used [0x00000000d6f00000,0x00000000d6f00000,0x00000000d7480000)
 ParOldGen       total 68608K, used 50334K [0x0000000080000000, 0x0000000084300000, 0x00000000d5580000)
  object space 68608K, 73% used [0x0000000080000000,0x0000000083127b20,0x0000000084300000)
 Metaspace       used 51340K, committed 52672K, reserved 1114112K
  class space    used 5851K, committed 6400K, reserved 1048576K
}
Event: 13.898 GC heap before
{Heap before GC invocations=27 (full 2):
 PSYoungGen      total 23040K, used 23017K [0x00000000d5580000, 0x00000000d7a00000, 0x0000000100000000)
  eden space 21504K, 100% used [0x00000000d5580000,0x00000000d6a80000,0x00000000d6a80000)
  from space 1536K, 98% used [0x00000000d7880000,0x00000000d79fa588,0x00000000d7a00000)
  to   space 5632K, 0% used [0x00000000d6f00000,0x00000000d6f00000,0x00000000d7480000)
 ParOldGen       total 68608K, used 50334K [0x0000000080000000, 0x0000000084300000, 0x00000000d5580000)
  object space 68608K, 73% used [0x0000000080000000,0x0000000083127b20,0x0000000084300000)
 Metaspace       used 53606K, committed 54912K, reserved 1114112K
  class space    used 6234K, committed 6784K, reserved 1048576K
}
Event: 13.900 GC heap after
{Heap after GC invocations=27 (full 2):
 PSYoungGen      total 27136K, used 976K [0x00000000d5580000, 0x00000000d7900000, 0x0000000100000000)
  eden space 21504K, 0% used [0x00000000d5580000,0x00000000d5580000,0x00000000d6a80000)
  from space 5632K, 17% used [0x00000000d6f00000,0x00000000d6ff4020,0x00000000d7480000)
  to   space 2560K, 0% used [0x00000000d7680000,0x00000000d7680000,0x00000000d7900000)
 ParOldGen       total 68608K, used 51830K [0x0000000080000000, 0x0000000084300000, 0x00000000d5580000)
  object space 68608K, 75% used [0x0000000080000000,0x000000008329db18,0x0000000084300000)
 Metaspace       used 53606K, committed 54912K, reserved 1114112K
  class space    used 6234K, committed 6784K, reserved 1048576K
}
Event: 14.221 GC heap before
{Heap before GC invocations=28 (full 2):
 PSYoungGen      total 27136K, used 22480K [0x00000000d5580000, 0x00000000d7900000, 0x0000000100000000)
  eden space 21504K, 100% used [0x00000000d5580000,0x00000000d6a80000,0x00000000d6a80000)
  from space 5632K, 17% used [0x00000000d6f00000,0x00000000d6ff4020,0x00000000d7480000)
  to   space 2560K, 0% used [0x00000000d7680000,0x00000000d7680000,0x00000000d7900000)
 ParOldGen       total 68608K, used 51830K [0x0000000080000000, 0x0000000084300000, 0x00000000d5580000)
  object space 68608K, 75% used [0x0000000080000000,0x000000008329db18,0x0000000084300000)
 Metaspace       used 55725K, committed 57088K, reserved 1114112K
  class space    used 6565K, committed 7168K, reserved 1048576K
}
Event: 14.224 GC heap after
{Heap after GC invocations=28 (full 2):
 PSYoungGen      total 24064K, used 2166K [0x00000000d5580000, 0x00000000d7900000, 0x0000000100000000)
  eden space 21504K, 0% used [0x00000000d5580000,0x00000000d5580000,0x00000000d6a80000)
  from space 2560K, 84% used [0x00000000d7680000,0x00000000d789da08,0x00000000d7900000)
  to   space 2560K, 0% used [0x00000000d7400000,0x00000000d7400000,0x00000000d7680000)
 ParOldGen       total 68608K, used 52638K [0x0000000080000000, 0x0000000084300000, 0x00000000d5580000)
  object space 68608K, 76% used [0x0000000080000000,0x0000000083367b48,0x0000000084300000)
 Metaspace       used 55725K, committed 57088K, reserved 1114112K
  class space    used 6565K, committed 7168K, reserved 1048576K
}
Event: 14.429 GC heap before
{Heap before GC invocations=29 (full 2):
 PSYoungGen      total 24064K, used 22755K [0x00000000d5580000, 0x00000000d7900000, 0x0000000100000000)
  eden space 21504K, 95% used [0x00000000d5580000,0x00000000d699b350,0x00000000d6a80000)
  from space 2560K, 84% used [0x00000000d7680000,0x00000000d789da08,0x00000000d7900000)
  to   space 2560K, 0% used [0x00000000d7400000,0x00000000d7400000,0x00000000d7680000)
 ParOldGen       total 68608K, used 52638K [0x0000000080000000, 0x0000000084300000, 0x00000000d5580000)
  object space 68608K, 76% used [0x0000000080000000,0x0000000083367b48,0x0000000084300000)
 Metaspace       used 58484K, committed 59776K, reserved 1114112K
  class space    used 6871K, committed 7424K, reserved 1048576K
}
Event: 14.432 GC heap after
{Heap after GC invocations=29 (full 2):
 PSYoungGen      total 23552K, used 1976K [0x00000000d5580000, 0x00000000d7700000, 0x0000000100000000)
  eden space 21504K, 0% used [0x00000000d5580000,0x00000000d5580000,0x00000000d6a80000)
  from space 2048K, 96% used [0x00000000d7400000,0x00000000d75ee1a8,0x00000000d7600000)
  to   space 1024K, 0% used [0x00000000d7600000,0x00000000d7600000,0x00000000d7700000)
 ParOldGen       total 68608K, used 54660K [0x0000000080000000, 0x0000000084300000, 0x00000000d5580000)
  object space 68608K, 79% used [0x0000000080000000,0x0000000083561260,0x0000000084300000)
 Metaspace       used 58484K, committed 59776K, reserved 1114112K
  class space    used 6871K, committed 7424K, reserved 1048576K
}
Event: 14.432 GC heap before
{Heap before GC invocations=30 (full 3):
 PSYoungGen      total 23552K, used 1976K [0x00000000d5580000, 0x00000000d7700000, 0x0000000100000000)
  eden space 21504K, 0% used [0x00000000d5580000,0x00000000d5580000,0x00000000d6a80000)
  from space 2048K, 96% used [0x00000000d7400000,0x00000000d75ee1a8,0x00000000d7600000)
  to   space 1024K, 0% used [0x00000000d7600000,0x00000000d7600000,0x00000000d7700000)
 ParOldGen       total 68608K, used 54660K [0x0000000080000000, 0x0000000084300000, 0x00000000d5580000)
  object space 68608K, 79% used [0x0000000080000000,0x0000000083561260,0x0000000084300000)
 Metaspace       used 58484K, committed 59776K, reserved 1114112K
  class space    used 6871K, committed 7424K, reserved 1048576K
}
Event: 14.480 GC heap after
{Heap after GC invocations=30 (full 3):
 PSYoungGen      total 23552K, used 0K [0x00000000d5580000, 0x00000000d7700000, 0x0000000100000000)
  eden space 21504K, 0% used [0x00000000d5580000,0x00000000d5580000,0x00000000d6a80000)
  from space 2048K, 0% used [0x00000000d7400000,0x00000000d7400000,0x00000000d7600000)
  to   space 1024K, 0% used [0x00000000d7600000,0x00000000d7600000,0x00000000d7700000)
 ParOldGen       total 68608K, used 50467K [0x0000000080000000, 0x0000000084300000, 0x00000000d5580000)
  object space 68608K, 73% used [0x0000000080000000,0x0000000083148d58,0x0000000084300000)
 Metaspace       used 58484K, committed 59776K, reserved 1114112K
  class space    used 6871K, committed 7424K, reserved 1048576K
}

